17:51:17.61 [pool-1-thread-2] INFO  o.a.AndroidAnnotationProcessor:84 - Initialize AndroidAnnotations 3.2 with options {}
17:54:00.73 [pool-1-thread-2] INFO  o.a.AndroidAnnotationProcessor:84 - Initialize AndroidAnnotations 3.2 with options {}
18:04:18.303 [pool-1-thread-2] INFO  o.a.AndroidAnnotationProcessor:84 - Initialize AndroidAnnotations 3.2 with options {}
18:04:18.369 [pool-1-thread-2] INFO  o.a.AndroidAnnotationProcessor:108 - Start processing for 2 annotations on 9 elements
18:04:18.373 [pool-1-thread-2] DEBUG o.a.h.AndroidManifestFinder:137 - AndroidManifest.xml file found in parent folder /home/tyler/Projects/sccn: /home/tyler/Projects/sccn/AndroidManifest.xml
18:04:18.376 [pool-1-thread-2] INFO  o.a.AndroidAnnotationProcessor:171 - AndroidManifest.xml found: AndroidManifest [applicationPackage=co.nerdev.android.sccn, componentQualifiedNames=[co.nerdev.android.sccn.Display, co.nerdev.android.sccn.RssFeed, co.nerdev.android.sccn.RssDetail], permissionQualifiedNames=[android.permission.INTERNET], applicationClassName=null, libraryProject=false, debugabble=false, minSdkVersion=14, maxSdkVersion=21, targetSdkVersion=19]
18:04:18.377 [pool-1-thread-2] INFO  o.a.r.ProjectRClassFinder:50 - Found project R class: co.nerdev.android.sccn.R
18:04:18.380 [pool-1-thread-2] INFO  o.a.r.AndroidRClassFinder:44 - Found Android class: android.R
18:04:18.398 [pool-1-thread-2] INFO  o.a.p.ModelValidator:42 - Validating elements
18:04:18.398 [pool-1-thread-2] DEBUG o.a.p.ModelValidator:62 - Validating with EActivityHandler: [co.nerdev.android.sccn.RssFeed, co.nerdev.android.sccn.RssDetail, co.nerdev.android.sccn.Display]
18:04:18.402 [pool-1-thread-2] ERROR o.a.h.AnnotationHelper:126 - The AndroidManifest.xml file contains the original component, and not the AndroidAnnotations generated component. Please register RssFeed_ instead of RssFeed
18:04:18.403 [pool-1-thread-2] WARN  o.a.p.ModelValidator:69 - Element EActivityHandler unvalidated by 
18:04:18.403 [pool-1-thread-2] ERROR o.a.h.AnnotationHelper:126 - The AndroidManifest.xml file contains the original component, and not the AndroidAnnotations generated component. Please register RssDetail_ instead of RssDetail
18:04:18.403 [pool-1-thread-2] WARN  o.a.p.ModelValidator:69 - Element EActivityHandler unvalidated by 
18:04:18.403 [pool-1-thread-2] ERROR o.a.h.AnnotationHelper:126 - The AndroidManifest.xml file contains the original component, and not the AndroidAnnotations generated component. Please register Display_ instead of Display
18:04:18.404 [pool-1-thread-2] WARN  o.a.p.ModelValidator:69 - Element EActivityHandler unvalidated by 
18:04:18.404 [pool-1-thread-2] DEBUG o.a.p.ModelValidator:62 - Validating with EBeanHandler: [co.nerdev.android.sccn.util.RssReader, co.nerdev.android.sccn.data.RssItem, co.nerdev.android.sccn.util.RssParseHandler, co.nerdev.android.sccn.listeners.RssListListener]
18:04:18.404 [pool-1-thread-2] ERROR o.a.h.AnnotationHelper:126 - @org.androidannotations.annotations.EBean annotated element should have a constructor with one parameter max, of type android.content.Context
18:04:18.404 [pool-1-thread-2] WARN  o.a.p.ModelValidator:69 - Element EBeanHandler unvalidated by 
18:04:18.404 [pool-1-thread-2] ERROR o.a.h.AnnotationHelper:126 - @org.androidannotations.annotations.EBean annotated element should have a constructor with one parameter max, of type android.content.Context
18:04:18.404 [pool-1-thread-2] WARN  o.a.p.ModelValidator:69 - Element EBeanHandler unvalidated by 
18:04:18.411 [pool-1-thread-2] INFO  o.a.p.ModelProcessor:69 - Processing root elements
18:04:18.411 [pool-1-thread-2] DEBUG o.a.p.ModelProcessor:160 - Processing root elements EBeanHandler: [co.nerdev.android.sccn.data.RssItem, co.nerdev.android.sccn.util.RssParseHandler]
18:04:18.421 [pool-1-thread-2] INFO  o.a.p.ModelProcessor:77 - Processing enclosed elements
18:04:18.421 [pool-1-thread-2] INFO  o.a.AndroidAnnotationProcessor:250 - Number of files generated by AndroidAnnotations: 2
18:04:18.423 [pool-1-thread-2] INFO  o.a.g.ApiCodeGenerator:52 - Writting following API classes in project: []
18:04:18.423 [pool-1-thread-2] DEBUG o.a.g.SourceCodewriter:55 - Generating class: co.nerdev.android.sccn.data.RssItem_
18:04:18.429 [pool-1-thread-2] DEBUG o.a.g.SourceCodewriter:55 - Generating class: co.nerdev.android.sccn.util.RssParseHandler_
18:04:18.431 [pool-1-thread-2] INFO  o.a.p.TimeStats:81 - Time measurements: [Whole Processing = 61 ms], [Find R Classes = 16 ms], [Process Annotations = 16 ms], [Generate Sources = 9 ms], [Validate Annotations = 8 ms], [Extract Manifest = 4 ms], [Extract Annotations = 3 ms], 
18:04:18.431 [pool-1-thread-2] INFO  o.a.AndroidAnnotationProcessor:122 - Finish processing
18:05:08.153 [pool-1-thread-2] INFO  o.a.AndroidAnnotationProcessor:84 - Initialize AndroidAnnotations 3.2 with options {}
18:05:08.208 [pool-1-thread-2] INFO  o.a.AndroidAnnotationProcessor:108 - Start processing for 2 annotations on 9 elements
18:05:08.213 [pool-1-thread-2] DEBUG o.a.h.AndroidManifestFinder:137 - AndroidManifest.xml file found in parent folder /home/tyler/Projects/sccn: /home/tyler/Projects/sccn/AndroidManifest.xml
18:05:08.218 [pool-1-thread-2] INFO  o.a.AndroidAnnotationProcessor:171 - AndroidManifest.xml found: AndroidManifest [applicationPackage=co.nerdev.android.sccn, componentQualifiedNames=[co.nerdev.android.sccn.Display, co.nerdev.android.sccn.RssFeed, co.nerdev.android.sccn.RssDetail_], permissionQualifiedNames=[android.permission.INTERNET], applicationClassName=null, libraryProject=false, debugabble=false, minSdkVersion=14, maxSdkVersion=21, targetSdkVersion=19]
18:05:08.219 [pool-1-thread-2] INFO  o.a.r.ProjectRClassFinder:50 - Found project R class: co.nerdev.android.sccn.R
18:05:08.228 [pool-1-thread-2] INFO  o.a.r.AndroidRClassFinder:44 - Found Android class: android.R
18:05:08.259 [pool-1-thread-2] INFO  o.a.p.ModelValidator:42 - Validating elements
18:05:08.259 [pool-1-thread-2] DEBUG o.a.p.ModelValidator:62 - Validating with EActivityHandler: [co.nerdev.android.sccn.RssFeed, co.nerdev.android.sccn.RssDetail, co.nerdev.android.sccn.Display]
18:05:08.266 [pool-1-thread-2] ERROR o.a.h.AnnotationHelper:126 - The AndroidManifest.xml file contains the original component, and not the AndroidAnnotations generated component. Please register RssFeed_ instead of RssFeed
18:05:08.266 [pool-1-thread-2] WARN  o.a.p.ModelValidator:69 - Element EActivityHandler unvalidated by 
18:05:08.267 [pool-1-thread-2] ERROR o.a.h.AnnotationHelper:126 - The AndroidManifest.xml file contains the original component, and not the AndroidAnnotations generated component. Please register Display_ instead of Display
18:05:08.267 [pool-1-thread-2] WARN  o.a.p.ModelValidator:69 - Element EActivityHandler unvalidated by 
18:05:08.267 [pool-1-thread-2] DEBUG o.a.p.ModelValidator:62 - Validating with EBeanHandler: [co.nerdev.android.sccn.util.RssReader, co.nerdev.android.sccn.data.RssItem, co.nerdev.android.sccn.util.RssParseHandler, co.nerdev.android.sccn.listeners.RssListListener]
18:05:08.268 [pool-1-thread-2] ERROR o.a.h.AnnotationHelper:126 - @org.androidannotations.annotations.EBean annotated element should have a constructor with one parameter max, of type android.content.Context
18:05:08.268 [pool-1-thread-2] WARN  o.a.p.ModelValidator:69 - Element EBeanHandler unvalidated by 
18:05:08.269 [pool-1-thread-2] ERROR o.a.h.AnnotationHelper:126 - @org.androidannotations.annotations.EBean annotated element should have a constructor with one parameter max, of type android.content.Context
18:05:08.269 [pool-1-thread-2] WARN  o.a.p.ModelValidator:69 - Element EBeanHandler unvalidated by 
18:05:08.277 [pool-1-thread-2] INFO  o.a.p.ModelProcessor:69 - Processing root elements
18:05:08.277 [pool-1-thread-2] DEBUG o.a.p.ModelProcessor:160 - Processing root elements EActivityHandler: [co.nerdev.android.sccn.RssDetail]
18:05:08.312 [pool-1-thread-2] DEBUG o.a.p.ModelProcessor:160 - Processing root elements EBeanHandler: [co.nerdev.android.sccn.util.RssParseHandler, co.nerdev.android.sccn.data.RssItem]
18:05:08.323 [pool-1-thread-2] INFO  o.a.p.ModelProcessor:77 - Processing enclosed elements
18:05:08.324 [pool-1-thread-2] INFO  o.a.AndroidAnnotationProcessor:250 - Number of files generated by AndroidAnnotations: 3
18:05:08.326 [pool-1-thread-2] INFO  o.a.g.ApiCodeGenerator:52 - Writting following API classes in project: []
18:05:08.328 [pool-1-thread-2] DEBUG o.a.g.SourceCodewriter:55 - Generating class: co.nerdev.android.sccn.RssDetail_
18:05:08.348 [pool-1-thread-2] DEBUG o.a.g.SourceCodewriter:55 - Generating class: co.nerdev.android.sccn.util.RssParseHandler_
18:05:08.350 [pool-1-thread-2] DEBUG o.a.g.SourceCodewriter:55 - Generating class: co.nerdev.android.sccn.data.RssItem_
18:05:08.351 [pool-1-thread-2] INFO  o.a.p.TimeStats:81 - Time measurements: [Whole Processing = 143 ms], [Process Annotations = 54 ms], [Find R Classes = 31 ms], [Generate Sources = 27 ms], [Validate Annotations = 12 ms], [Extract Manifest = 6 ms], [Extract Annotations = 4 ms], 
18:05:08.351 [pool-1-thread-2] INFO  o.a.AndroidAnnotationProcessor:122 - Finish processing
18:07:13.74 [pool-1-thread-2] INFO  o.a.AndroidAnnotationProcessor:84 - Initialize AndroidAnnotations 3.2 with options {}
18:07:13.135 [pool-1-thread-2] INFO  o.a.AndroidAnnotationProcessor:108 - Start processing for 2 annotations on 9 elements
18:07:13.140 [pool-1-thread-2] DEBUG o.a.h.AndroidManifestFinder:137 - AndroidManifest.xml file found in parent folder /home/tyler/Projects/sccn: /home/tyler/Projects/sccn/AndroidManifest.xml
18:07:13.143 [pool-1-thread-2] INFO  o.a.AndroidAnnotationProcessor:171 - AndroidManifest.xml found: AndroidManifest [applicationPackage=co.nerdev.android.sccn, componentQualifiedNames=[co.nerdev.android.sccn.Display_, co.nerdev.android.sccn.RssFeed_, co.nerdev.android.sccn.RssDetail_], permissionQualifiedNames=[android.permission.INTERNET], applicationClassName=null, libraryProject=false, debugabble=false, minSdkVersion=14, maxSdkVersion=21, targetSdkVersion=19]
18:07:13.144 [pool-1-thread-2] INFO  o.a.r.ProjectRClassFinder:50 - Found project R class: co.nerdev.android.sccn.R
18:07:13.147 [pool-1-thread-2] INFO  o.a.r.AndroidRClassFinder:44 - Found Android class: android.R
18:07:13.165 [pool-1-thread-2] INFO  o.a.p.ModelValidator:42 - Validating elements
18:07:13.165 [pool-1-thread-2] DEBUG o.a.p.ModelValidator:62 - Validating with EActivityHandler: [co.nerdev.android.sccn.RssFeed, co.nerdev.android.sccn.RssDetail, co.nerdev.android.sccn.Display]
18:07:13.171 [pool-1-thread-2] DEBUG o.a.p.ModelValidator:62 - Validating with EBeanHandler: [co.nerdev.android.sccn.util.RssReader, co.nerdev.android.sccn.data.RssItem, co.nerdev.android.sccn.util.RssParseHandler, co.nerdev.android.sccn.listeners.RssListListener]
18:07:13.172 [pool-1-thread-2] ERROR o.a.h.AnnotationHelper:126 - @org.androidannotations.annotations.EBean annotated element should have a constructor with one parameter max, of type android.content.Context
18:07:13.172 [pool-1-thread-2] WARN  o.a.p.ModelValidator:69 - Element EBeanHandler unvalidated by 
18:07:13.172 [pool-1-thread-2] ERROR o.a.h.AnnotationHelper:126 - @org.androidannotations.annotations.EBean annotated element should have a constructor with one parameter max, of type android.content.Context
18:07:13.172 [pool-1-thread-2] WARN  o.a.p.ModelValidator:69 - Element EBeanHandler unvalidated by 
18:07:13.179 [pool-1-thread-2] INFO  o.a.p.ModelProcessor:69 - Processing root elements
18:07:13.180 [pool-1-thread-2] DEBUG o.a.p.ModelProcessor:160 - Processing root elements EActivityHandler: [co.nerdev.android.sccn.RssFeed, co.nerdev.android.sccn.Display, co.nerdev.android.sccn.RssDetail]
18:07:13.211 [pool-1-thread-2] DEBUG o.a.p.ModelProcessor:160 - Processing root elements EBeanHandler: [co.nerdev.android.sccn.util.RssParseHandler, co.nerdev.android.sccn.data.RssItem]
18:07:13.215 [pool-1-thread-2] INFO  o.a.p.ModelProcessor:77 - Processing enclosed elements
18:07:13.216 [pool-1-thread-2] INFO  o.a.AndroidAnnotationProcessor:250 - Number of files generated by AndroidAnnotations: 5
18:07:13.217 [pool-1-thread-2] INFO  o.a.g.ApiCodeGenerator:52 - Writting following API classes in project: []
18:07:13.218 [pool-1-thread-2] DEBUG o.a.g.SourceCodewriter:55 - Generating class: co.nerdev.android.sccn.Display_
18:07:13.230 [pool-1-thread-2] DEBUG o.a.g.SourceCodewriter:55 - Generating class: co.nerdev.android.sccn.RssDetail_
18:07:13.233 [pool-1-thread-2] DEBUG o.a.g.SourceCodewriter:55 - Generating class: co.nerdev.android.sccn.RssFeed_
18:07:13.236 [pool-1-thread-2] DEBUG o.a.g.SourceCodewriter:55 - Generating class: co.nerdev.android.sccn.util.RssParseHandler_
18:07:13.237 [pool-1-thread-2] DEBUG o.a.g.SourceCodewriter:55 - Generating class: co.nerdev.android.sccn.data.RssItem_
18:07:13.238 [pool-1-thread-2] INFO  o.a.p.TimeStats:81 - Time measurements: [Whole Processing = 103 ms], [Process Annotations = 42 ms], [Generate Sources = 23 ms], [Find R Classes = 15 ms], [Validate Annotations = 8 ms], [Extract Manifest = 4 ms], [Extract Annotations = 3 ms], 
18:07:13.239 [pool-1-thread-2] INFO  o.a.AndroidAnnotationProcessor:122 - Finish processing
18:07:34.472 [pool-1-thread-2] INFO  o.a.AndroidAnnotationProcessor:84 - Initialize AndroidAnnotations 3.2 with options {}
18:07:34.539 [pool-1-thread-2] INFO  o.a.AndroidAnnotationProcessor:108 - Start processing for 2 annotations on 9 elements
18:07:34.544 [pool-1-thread-2] DEBUG o.a.h.AndroidManifestFinder:137 - AndroidManifest.xml file found in parent folder /home/tyler/Projects/sccn: /home/tyler/Projects/sccn/AndroidManifest.xml
18:07:34.547 [pool-1-thread-2] INFO  o.a.AndroidAnnotationProcessor:171 - AndroidManifest.xml found: AndroidManifest [applicationPackage=co.nerdev.android.sccn, componentQualifiedNames=[co.nerdev.android.sccn.Display_, co.nerdev.android.sccn.RssFeed_, co.nerdev.android.sccn.RssDetail_], permissionQualifiedNames=[android.permission.INTERNET], applicationClassName=null, libraryProject=false, debugabble=false, minSdkVersion=14, maxSdkVersion=21, targetSdkVersion=19]
18:07:34.547 [pool-1-thread-2] INFO  o.a.r.ProjectRClassFinder:50 - Found project R class: co.nerdev.android.sccn.R
18:07:34.550 [pool-1-thread-2] INFO  o.a.r.AndroidRClassFinder:44 - Found Android class: android.R
18:07:34.569 [pool-1-thread-2] INFO  o.a.p.ModelValidator:42 - Validating elements
18:07:34.569 [pool-1-thread-2] DEBUG o.a.p.ModelValidator:62 - Validating with EActivityHandler: [co.nerdev.android.sccn.RssFeed, co.nerdev.android.sccn.RssDetail, co.nerdev.android.sccn.Display]
18:07:34.573 [pool-1-thread-2] DEBUG o.a.p.ModelValidator:62 - Validating with EBeanHandler: [co.nerdev.android.sccn.util.RssReader, co.nerdev.android.sccn.data.RssItem, co.nerdev.android.sccn.util.RssParseHandler, co.nerdev.android.sccn.listeners.RssListListener]
18:07:34.574 [pool-1-thread-2] ERROR o.a.h.AnnotationHelper:126 - @org.androidannotations.annotations.EBean annotated element should have a constructor with one parameter max, of type android.content.Context
18:07:34.574 [pool-1-thread-2] WARN  o.a.p.ModelValidator:69 - Element EBeanHandler unvalidated by 
18:07:34.574 [pool-1-thread-2] ERROR o.a.h.AnnotationHelper:126 - @org.androidannotations.annotations.EBean annotated element should have a constructor with one parameter max, of type android.content.Context
18:07:34.574 [pool-1-thread-2] WARN  o.a.p.ModelValidator:69 - Element EBeanHandler unvalidated by 
18:07:34.580 [pool-1-thread-2] INFO  o.a.p.ModelProcessor:69 - Processing root elements
18:07:34.580 [pool-1-thread-2] DEBUG o.a.p.ModelProcessor:160 - Processing root elements EActivityHandler: [co.nerdev.android.sccn.Display, co.nerdev.android.sccn.RssDetail, co.nerdev.android.sccn.RssFeed]
18:07:34.604 [pool-1-thread-2] DEBUG o.a.p.ModelProcessor:160 - Processing root elements EBeanHandler: [co.nerdev.android.sccn.util.RssParseHandler, co.nerdev.android.sccn.data.RssItem]
18:07:34.606 [pool-1-thread-2] INFO  o.a.p.ModelProcessor:77 - Processing enclosed elements
18:07:34.606 [pool-1-thread-2] INFO  o.a.AndroidAnnotationProcessor:250 - Number of files generated by AndroidAnnotations: 5
18:07:34.607 [pool-1-thread-2] INFO  o.a.g.ApiCodeGenerator:52 - Writting following API classes in project: []
18:07:34.608 [pool-1-thread-2] DEBUG o.a.g.SourceCodewriter:55 - Generating class: co.nerdev.android.sccn.Display_
18:07:34.618 [pool-1-thread-2] DEBUG o.a.g.SourceCodewriter:55 - Generating class: co.nerdev.android.sccn.RssDetail_
18:07:34.620 [pool-1-thread-2] DEBUG o.a.g.SourceCodewriter:55 - Generating class: co.nerdev.android.sccn.RssFeed_
18:07:34.622 [pool-1-thread-2] DEBUG o.a.g.SourceCodewriter:55 - Generating class: co.nerdev.android.sccn.util.RssParseHandler_
18:07:34.623 [pool-1-thread-2] DEBUG o.a.g.SourceCodewriter:55 - Generating class: co.nerdev.android.sccn.data.RssItem_
18:07:34.623 [pool-1-thread-2] INFO  o.a.p.TimeStats:81 - Time measurements: [Whole Processing = 84 ms], [Process Annotations = 31 ms], [Generate Sources = 17 ms], [Find R Classes = 16 ms], [Validate Annotations = 6 ms], [Extract Annotations = 4 ms], [Extract Manifest = 4 ms], 
18:07:34.623 [pool-1-thread-2] INFO  o.a.AndroidAnnotationProcessor:122 - Finish processing
18:11:18.865 [pool-1-thread-2] INFO  o.a.AndroidAnnotationProcessor:84 - Initialize AndroidAnnotations 3.2 with options {}
18:11:18.914 [pool-1-thread-2] INFO  o.a.AndroidAnnotationProcessor:108 - Start processing for 3 annotations on 9 elements
18:11:18.919 [pool-1-thread-2] DEBUG o.a.h.AndroidManifestFinder:137 - AndroidManifest.xml file found in parent folder /home/tyler/Projects/sccn: /home/tyler/Projects/sccn/AndroidManifest.xml
18:11:18.923 [pool-1-thread-2] INFO  o.a.AndroidAnnotationProcessor:171 - AndroidManifest.xml found: AndroidManifest [applicationPackage=co.nerdev.android.sccn, componentQualifiedNames=[co.nerdev.android.sccn.Display_, co.nerdev.android.sccn.RssFeed_, co.nerdev.android.sccn.RssDetail_], permissionQualifiedNames=[android.permission.INTERNET], applicationClassName=null, libraryProject=false, debugabble=false, minSdkVersion=14, maxSdkVersion=21, targetSdkVersion=19]
18:11:18.924 [pool-1-thread-2] INFO  o.a.r.ProjectRClassFinder:50 - Found project R class: co.nerdev.android.sccn.R
18:11:18.927 [pool-1-thread-2] INFO  o.a.r.AndroidRClassFinder:44 - Found Android class: android.R
18:11:18.945 [pool-1-thread-2] INFO  o.a.p.ModelValidator:42 - Validating elements
18:11:18.945 [pool-1-thread-2] DEBUG o.a.p.ModelValidator:62 - Validating with EActivityHandler: [co.nerdev.android.sccn.RssFeed, co.nerdev.android.sccn.RssDetail, co.nerdev.android.sccn.Display]
18:11:18.950 [pool-1-thread-2] DEBUG o.a.p.ModelValidator:62 - Validating with EBeanHandler: [co.nerdev.android.sccn.util.RssReader, co.nerdev.android.sccn.data.RssItem, co.nerdev.android.sccn.util.RssParseHandler, co.nerdev.android.sccn.listeners.RssListListener]
18:11:18.950 [pool-1-thread-2] ERROR o.a.h.AnnotationHelper:126 - @org.androidannotations.annotations.EBean annotated element should have a constructor with one parameter max, of type android.content.Context
18:11:18.951 [pool-1-thread-2] WARN  o.a.p.ModelValidator:69 - Element EBeanHandler unvalidated by 
18:11:18.951 [pool-1-thread-2] ERROR o.a.h.AnnotationHelper:126 - @org.androidannotations.annotations.EBean annotated element should have a constructor with one parameter max, of type android.content.Context
18:11:18.951 [pool-1-thread-2] WARN  o.a.p.ModelValidator:69 - Element EBeanHandler unvalidated by 
18:11:18.951 [pool-1-thread-2] DEBUG o.a.p.ModelValidator:62 - Validating with BeanHandler: [RssReader]
18:11:18.960 [pool-1-thread-2] INFO  o.a.p.ModelProcessor:69 - Processing root elements
18:11:18.960 [pool-1-thread-2] DEBUG o.a.p.ModelProcessor:160 - Processing root elements EActivityHandler: [co.nerdev.android.sccn.RssDetail, co.nerdev.android.sccn.Display, co.nerdev.android.sccn.RssFeed]
18:11:18.990 [pool-1-thread-2] DEBUG o.a.p.ModelProcessor:160 - Processing root elements EBeanHandler: [co.nerdev.android.sccn.data.RssItem, co.nerdev.android.sccn.util.RssParseHandler]
18:11:18.992 [pool-1-thread-2] INFO  o.a.p.ModelProcessor:77 - Processing enclosed elements
18:11:19.142 [pool-1-thread-2] ERROR o.a.AndroidAnnotationProcessor:268 - Something went wrong: Unexpected error in AndroidAnnotations 3.2!
You should check if there is already an issue about it on https://github.com/excilys/androidannotations/search?q=java.lang.NullPointerException&type=Issues
If none exists, please open a new one with the following content and tell us if you can reproduce it or not. Don't forget to give us as much information as you can (like parts of your code in failure).
Java version: javac 1.8.0_25
Javac processors options: 
Stacktrace: java.lang.NullPointerException
	at org.androidannotations.handler.BeanHandler.process(BeanHandler.java:61)
	at org.androidannotations.handler.BeanHandler.process(BeanHandler.java:38)
	at org.androidannotations.process.ModelProcessor.processThrowing(ModelProcessor.java:136)
	at org.androidannotations.process.ModelProcessor.process(ModelProcessor.java:120)
	at org.androidannotations.AndroidAnnotationProcessor.processAnnotations(AndroidAnnotationProcessor.java:243)
	at org.androidannotations.AndroidAnnotationProcessor.processThrowing(AndroidAnnotationProcessor.java:185)
	at org.androidannotations.AndroidAnnotationProcessor.process(AndroidAnnotationProcessor.java:113)
	at com.sun.tools.javac.processing.JavacProcessingEnvironment.callProcessor(JavacProcessingEnvironment.java:794)
	at com.sun.tools.javac.processing.JavacProcessingEnvironment.discoverAndRunProcs(JavacProcessingEnvironment.java:705)
	at com.sun.tools.javac.processing.JavacProcessingEnvironment.access$1800(JavacProcessingEnvironment.java:91)
	at com.sun.tools.javac.processing.JavacProcessingEnvironment$Round.run(JavacProcessingEnvironment.java:1035)
	at com.sun.tools.javac.processing.JavacProcessingEnvironment.doProcessing(JavacProcessingEnvironment.java:1176)
	at com.sun.tools.javac.main.JavaCompiler.processAnnotations(JavaCompiler.java:1170)
	at com.sun.tools.javac.main.JavaCompiler.compile(JavaCompiler.java:856)
	at com.sun.tools.javac.main.Main.compile(Main.java:523)
	at com.sun.tools.javac.api.JavacTaskImpl.doCall(JavacTaskImpl.java:129)
	at com.sun.tools.javac.api.JavacTaskImpl.call(JavacTaskImpl.java:138)
	at org.jetbrains.jps.javac.JavacMain.compile(JavacMain.java:165)
	at org.jetbrains.jps.incremental.java.JavaBuilder.compileJava(JavaBuilder.java:380)
	at org.jetbrains.jps.incremental.java.JavaBuilder.compile(JavaBuilder.java:298)
	at org.jetbrains.jps.incremental.java.JavaBuilder.doBuild(JavaBuilder.java:204)
	at org.jetbrains.jps.incremental.java.JavaBuilder.build(JavaBuilder.java:176)
	at org.jetbrains.jps.incremental.IncProjectBuilder.runModuleLevelBuilders(IncProjectBuilder.java:1140)
	at org.jetbrains.jps.incremental.IncProjectBuilder.runBuildersForChunk(IncProjectBuilder.java:826)
	at org.jetbrains.jps.incremental.IncProjectBuilder.buildTargetsChunk(IncProjectBuilder.java:894)
	at org.jetbrains.jps.incremental.IncProjectBuilder.buildChunkIfAffected(IncProjectBuilder.java:789)
	at org.jetbrains.jps.incremental.IncProjectBuilder.buildChunks(IncProjectBuilder.java:612)
	at org.jetbrains.jps.incremental.IncProjectBuilder.runBuild(IncProjectBuilder.java:352)
	at org.jetbrains.jps.incremental.IncProjectBuilder.build(IncProjectBuilder.java:191)
	at org.jetbrains.jps.cmdline.BuildRunner.runBuild(BuildRunner.java:131)
	at org.jetbrains.jps.cmdline.BuildSession.runBuild(BuildSession.java:229)
	at org.jetbrains.jps.cmdline.BuildSession.run(BuildSession.java:113)
	at org.jetbrains.jps.cmdline.BuildMain$MyMessageHandler$1.run(BuildMain.java:158)
	at org.jetbrains.jps.service.impl.SharedThreadPoolImpl$1.run(SharedThreadPoolImpl.java:41)
	at java.util.concurrent.Executors$RunnableAdapter.call(Executors.java:511)
	at java.util.concurrent.FutureTask.run(FutureTask.java:266)
	at java.util.concurrent.ThreadPoolExecutor.runWorker(ThreadPoolExecutor.java:1142)
	at java.util.concurrent.ThreadPoolExecutor$Worker.run(ThreadPoolExecutor.java:617)
	at java.lang.Thread.run(Thread.java:745)
Thrown from: co.nerdev.android.sccn.util.RssReader
Element (VarSymbol): @org.androidannotations.annotations.Bean
co.nerdev.android.sccn.util.RssReader RssReader;


18:11:19.142 [pool-1-thread-2] INFO  o.a.p.TimeStats:81 - Time measurements: [Whole Processing = 228 ms], [Find R Classes = 16 ms], [Validate Annotations = 10 ms], [Extract Annotations = 4 ms], [Extract Manifest = 4 ms], 
18:11:19.142 [pool-1-thread-2] INFO  o.a.AndroidAnnotationProcessor:122 - Finish processing
18:13:01.747 [pool-1-thread-2] INFO  o.a.AndroidAnnotationProcessor:84 - Initialize AndroidAnnotations 3.2 with options {}
18:13:01.807 [pool-1-thread-2] INFO  o.a.AndroidAnnotationProcessor:108 - Start processing for 2 annotations on 9 elements
18:13:01.813 [pool-1-thread-2] DEBUG o.a.h.AndroidManifestFinder:137 - AndroidManifest.xml file found in parent folder /home/tyler/Projects/sccn: /home/tyler/Projects/sccn/AndroidManifest.xml
18:13:01.817 [pool-1-thread-2] INFO  o.a.AndroidAnnotationProcessor:171 - AndroidManifest.xml found: AndroidManifest [applicationPackage=co.nerdev.android.sccn, componentQualifiedNames=[co.nerdev.android.sccn.Display_, co.nerdev.android.sccn.RssFeed_, co.nerdev.android.sccn.RssDetail_], permissionQualifiedNames=[android.permission.INTERNET], applicationClassName=null, libraryProject=false, debugabble=false, minSdkVersion=14, maxSdkVersion=21, targetSdkVersion=19]
18:13:01.818 [pool-1-thread-2] INFO  o.a.r.ProjectRClassFinder:50 - Found project R class: co.nerdev.android.sccn.R
18:13:01.821 [pool-1-thread-2] INFO  o.a.r.AndroidRClassFinder:44 - Found Android class: android.R
18:13:01.841 [pool-1-thread-2] INFO  o.a.p.ModelValidator:42 - Validating elements
18:13:01.841 [pool-1-thread-2] DEBUG o.a.p.ModelValidator:62 - Validating with EActivityHandler: [co.nerdev.android.sccn.RssFeed, co.nerdev.android.sccn.RssDetail, co.nerdev.android.sccn.Display]
18:13:01.847 [pool-1-thread-2] DEBUG o.a.p.ModelValidator:62 - Validating with EBeanHandler: [co.nerdev.android.sccn.util.RssReader, co.nerdev.android.sccn.data.RssItem, co.nerdev.android.sccn.util.RssParseHandler, co.nerdev.android.sccn.listeners.RssListListener]
18:13:01.848 [pool-1-thread-2] ERROR o.a.h.AnnotationHelper:126 - @org.androidannotations.annotations.EBean annotated element should have a constructor with one parameter max, of type android.content.Context
18:13:01.848 [pool-1-thread-2] WARN  o.a.p.ModelValidator:69 - Element EBeanHandler unvalidated by 
18:13:01.849 [pool-1-thread-2] ERROR o.a.h.AnnotationHelper:126 - @org.androidannotations.annotations.EBean annotated element should have a constructor with one parameter max, of type android.content.Context
18:13:01.849 [pool-1-thread-2] WARN  o.a.p.ModelValidator:69 - Element EBeanHandler unvalidated by 
18:13:01.858 [pool-1-thread-2] INFO  o.a.p.ModelProcessor:69 - Processing root elements
18:13:01.858 [pool-1-thread-2] DEBUG o.a.p.ModelProcessor:160 - Processing root elements EActivityHandler: [co.nerdev.android.sccn.RssDetail, co.nerdev.android.sccn.Display, co.nerdev.android.sccn.RssFeed]
18:13:01.895 [pool-1-thread-2] DEBUG o.a.p.ModelProcessor:160 - Processing root elements EBeanHandler: [co.nerdev.android.sccn.data.RssItem, co.nerdev.android.sccn.util.RssParseHandler]
18:13:01.898 [pool-1-thread-2] INFO  o.a.p.ModelProcessor:77 - Processing enclosed elements
18:13:01.898 [pool-1-thread-2] INFO  o.a.AndroidAnnotationProcessor:250 - Number of files generated by AndroidAnnotations: 5
18:13:01.900 [pool-1-thread-2] INFO  o.a.g.ApiCodeGenerator:52 - Writting following API classes in project: []
18:13:01.901 [pool-1-thread-2] DEBUG o.a.g.SourceCodewriter:55 - Generating class: co.nerdev.android.sccn.Display_
18:13:01.914 [pool-1-thread-2] DEBUG o.a.g.SourceCodewriter:55 - Generating class: co.nerdev.android.sccn.RssDetail_
18:13:01.917 [pool-1-thread-2] DEBUG o.a.g.SourceCodewriter:55 - Generating class: co.nerdev.android.sccn.RssFeed_
18:13:01.919 [pool-1-thread-2] DEBUG o.a.g.SourceCodewriter:55 - Generating class: co.nerdev.android.sccn.data.RssItem_
18:13:01.920 [pool-1-thread-2] DEBUG o.a.g.SourceCodewriter:55 - Generating class: co.nerdev.android.sccn.util.RssParseHandler_
18:13:01.921 [pool-1-thread-2] INFO  o.a.p.TimeStats:81 - Time measurements: [Whole Processing = 114 ms], [Process Annotations = 48 ms], [Generate Sources = 23 ms], [Find R Classes = 14 ms], [Validate Annotations = 9 ms], [Extract Manifest = 5 ms], [Extract Annotations = 4 ms], 
18:13:01.922 [pool-1-thread-2] INFO  o.a.AndroidAnnotationProcessor:122 - Finish processing
18:19:10.64 [pool-1-thread-2] INFO  o.a.AndroidAnnotationProcessor:84 - Initialize AndroidAnnotations 3.2 with options {}
18:19:10.123 [pool-1-thread-2] INFO  o.a.AndroidAnnotationProcessor:108 - Start processing for 1 annotations on 9 elements
18:19:10.127 [pool-1-thread-2] DEBUG o.a.h.AndroidManifestFinder:137 - AndroidManifest.xml file found in parent folder /home/tyler/Projects/sccn: /home/tyler/Projects/sccn/AndroidManifest.xml
18:19:10.130 [pool-1-thread-2] INFO  o.a.AndroidAnnotationProcessor:171 - AndroidManifest.xml found: AndroidManifest [applicationPackage=co.nerdev.android.sccn, componentQualifiedNames=[co.nerdev.android.sccn.Display_, co.nerdev.android.sccn.RssFeed_, co.nerdev.android.sccn.RssDetail_], permissionQualifiedNames=[android.permission.INTERNET], applicationClassName=null, libraryProject=false, debugabble=false, minSdkVersion=14, maxSdkVersion=21, targetSdkVersion=19]
18:19:10.131 [pool-1-thread-2] INFO  o.a.r.ProjectRClassFinder:50 - Found project R class: co.nerdev.android.sccn.R
18:19:10.134 [pool-1-thread-2] INFO  o.a.r.AndroidRClassFinder:44 - Found Android class: android.R
18:19:10.148 [pool-1-thread-2] INFO  o.a.p.ModelValidator:42 - Validating elements
18:19:10.149 [pool-1-thread-2] DEBUG o.a.p.ModelValidator:62 - Validating with EActivityHandler: [co.nerdev.android.sccn.RssFeed, co.nerdev.android.sccn.RssDetail, co.nerdev.android.sccn.Display]
18:19:10.159 [pool-1-thread-2] INFO  o.a.p.ModelProcessor:69 - Processing root elements
18:19:10.159 [pool-1-thread-2] DEBUG o.a.p.ModelProcessor:160 - Processing root elements EActivityHandler: [co.nerdev.android.sccn.RssFeed, co.nerdev.android.sccn.Display, co.nerdev.android.sccn.RssDetail]
18:19:10.183 [pool-1-thread-2] INFO  o.a.p.ModelProcessor:77 - Processing enclosed elements
18:19:10.184 [pool-1-thread-2] INFO  o.a.AndroidAnnotationProcessor:250 - Number of files generated by AndroidAnnotations: 3
18:19:10.185 [pool-1-thread-2] INFO  o.a.g.ApiCodeGenerator:52 - Writting following API classes in project: []
18:19:10.186 [pool-1-thread-2] DEBUG o.a.g.SourceCodewriter:55 - Generating class: co.nerdev.android.sccn.Display_
18:19:10.194 [pool-1-thread-2] DEBUG o.a.g.SourceCodewriter:55 - Generating class: co.nerdev.android.sccn.RssDetail_
18:19:10.196 [pool-1-thread-2] DEBUG o.a.g.SourceCodewriter:55 - Generating class: co.nerdev.android.sccn.RssFeed_
18:19:10.198 [pool-1-thread-2] INFO  o.a.p.TimeStats:81 - Time measurements: [Whole Processing = 75 ms], [Process Annotations = 31 ms], [Generate Sources = 14 ms], [Find R Classes = 13 ms], [Validate Annotations = 5 ms], [Extract Manifest = 4 ms], [Extract Annotations = 2 ms], 
18:19:10.199 [pool-1-thread-2] INFO  o.a.AndroidAnnotationProcessor:122 - Finish processing
18:20:55.632 [pool-1-thread-2] INFO  o.a.AndroidAnnotationProcessor:84 - Initialize AndroidAnnotations 3.2 with options {}
18:20:55.684 [pool-1-thread-2] INFO  o.a.AndroidAnnotationProcessor:108 - Start processing for 2 annotations on 1 elements
18:20:55.688 [pool-1-thread-2] DEBUG o.a.h.AndroidManifestFinder:137 - AndroidManifest.xml file found in parent folder /home/tyler/Projects/sccn: /home/tyler/Projects/sccn/AndroidManifest.xml
18:20:55.693 [pool-1-thread-2] INFO  o.a.AndroidAnnotationProcessor:171 - AndroidManifest.xml found: AndroidManifest [applicationPackage=co.nerdev.android.sccn, componentQualifiedNames=[co.nerdev.android.sccn.Display_, co.nerdev.android.sccn.RssFeed_, co.nerdev.android.sccn.RssDetail_], permissionQualifiedNames=[android.permission.INTERNET], applicationClassName=null, libraryProject=false, debugabble=false, minSdkVersion=14, maxSdkVersion=21, targetSdkVersion=19]
18:20:55.693 [pool-1-thread-2] INFO  o.a.r.ProjectRClassFinder:50 - Found project R class: co.nerdev.android.sccn.R
18:20:55.698 [pool-1-thread-2] INFO  o.a.r.AndroidRClassFinder:44 - Found Android class: android.R
18:20:55.717 [pool-1-thread-2] INFO  o.a.p.ModelValidator:42 - Validating elements
18:20:55.718 [pool-1-thread-2] DEBUG o.a.p.ModelValidator:62 - Validating with EActivityHandler: [co.nerdev.android.sccn.RssFeed]
18:20:55.724 [pool-1-thread-2] DEBUG o.a.p.ModelValidator:62 - Validating with BackgroundHandler: [onCreate(android.os.Bundle)]
18:20:55.730 [pool-1-thread-2] INFO  o.a.p.ModelProcessor:69 - Processing root elements
18:20:55.731 [pool-1-thread-2] DEBUG o.a.p.ModelProcessor:160 - Processing root elements EActivityHandler: [co.nerdev.android.sccn.RssFeed]
18:20:55.756 [pool-1-thread-2] INFO  o.a.p.ModelProcessor:77 - Processing enclosed elements
18:20:55.760 [pool-1-thread-2] INFO  o.a.AndroidAnnotationProcessor:250 - Number of files generated by AndroidAnnotations: 1
18:20:55.761 [pool-1-thread-2] INFO  o.a.g.ApiCodeGenerator:52 - Writting following API classes in project: []
18:20:55.762 [pool-1-thread-2] DEBUG o.a.g.SourceCodewriter:55 - Generating class: co.nerdev.android.sccn.RssFeed_
18:20:55.775 [pool-1-thread-2] INFO  o.a.p.TimeStats:81 - Time measurements: [Whole Processing = 91 ms], [Process Annotations = 35 ms], [Find R Classes = 18 ms], [Generate Sources = 15 ms], [Validate Annotations = 8 ms], [Extract Manifest = 6 ms], [Extract Annotations = 2 ms], 
18:20:55.776 [pool-1-thread-2] INFO  o.a.AndroidAnnotationProcessor:122 - Finish processing
18:22:57.863 [pool-1-thread-2] INFO  o.a.AndroidAnnotationProcessor:84 - Initialize AndroidAnnotations 3.2 with options {}
18:22:57.915 [pool-1-thread-2] INFO  o.a.AndroidAnnotationProcessor:108 - Start processing for 1 annotations on 2 elements
18:22:57.920 [pool-1-thread-2] DEBUG o.a.h.AndroidManifestFinder:137 - AndroidManifest.xml file found in parent folder /home/tyler/Projects/sccn: /home/tyler/Projects/sccn/AndroidManifest.xml
18:22:57.924 [pool-1-thread-2] INFO  o.a.AndroidAnnotationProcessor:171 - AndroidManifest.xml found: AndroidManifest [applicationPackage=co.nerdev.android.sccn, componentQualifiedNames=[co.nerdev.android.sccn.Display_, co.nerdev.android.sccn.RssFeed_, co.nerdev.android.sccn.RssDetail_], permissionQualifiedNames=[android.permission.INTERNET], applicationClassName=null, libraryProject=false, debugabble=false, minSdkVersion=14, maxSdkVersion=21, targetSdkVersion=19]
18:22:57.925 [pool-1-thread-2] INFO  o.a.r.ProjectRClassFinder:50 - Found project R class: co.nerdev.android.sccn.R
18:22:57.928 [pool-1-thread-2] INFO  o.a.r.AndroidRClassFinder:44 - Found Android class: android.R
18:22:57.961 [pool-1-thread-2] INFO  o.a.p.ModelValidator:42 - Validating elements
18:22:57.962 [pool-1-thread-2] DEBUG o.a.p.ModelValidator:62 - Validating with EActivityHandler: [co.nerdev.android.sccn.RssFeed, co.nerdev.android.sccn.Display]
18:22:57.976 [pool-1-thread-2] INFO  o.a.p.ModelProcessor:69 - Processing root elements
18:22:57.976 [pool-1-thread-2] DEBUG o.a.p.ModelProcessor:160 - Processing root elements EActivityHandler: [co.nerdev.android.sccn.Display, co.nerdev.android.sccn.RssFeed]
18:22:58.5 [pool-1-thread-2] INFO  o.a.p.ModelProcessor:77 - Processing enclosed elements
18:22:58.5 [pool-1-thread-2] INFO  o.a.AndroidAnnotationProcessor:250 - Number of files generated by AndroidAnnotations: 2
18:22:58.6 [pool-1-thread-2] INFO  o.a.g.ApiCodeGenerator:52 - Writting following API classes in project: []
18:22:58.7 [pool-1-thread-2] DEBUG o.a.g.SourceCodewriter:55 - Generating class: co.nerdev.android.sccn.Display_
18:22:58.19 [pool-1-thread-2] DEBUG o.a.g.SourceCodewriter:55 - Generating class: co.nerdev.android.sccn.RssFeed_
18:22:58.23 [pool-1-thread-2] INFO  o.a.p.TimeStats:81 - Time measurements: [Whole Processing = 108 ms], [Process Annotations = 37 ms], [Find R Classes = 28 ms], [Generate Sources = 18 ms], [Validate Annotations = 7 ms], [Extract Manifest = 5 ms], [Extract Annotations = 3 ms], 
18:22:58.23 [pool-1-thread-2] INFO  o.a.AndroidAnnotationProcessor:122 - Finish processing
19:26:50.131 [pool-1-thread-2] INFO  o.a.AndroidAnnotationProcessor:84 - Initialize AndroidAnnotations 3.2 with options {}
19:26:50.178 [pool-1-thread-2] INFO  o.a.AndroidAnnotationProcessor:108 - Start processing for 2 annotations on 1 elements
19:26:50.181 [pool-1-thread-2] DEBUG o.a.h.AndroidManifestFinder:137 - AndroidManifest.xml file found in parent folder /home/tyler/Projects/sccn: /home/tyler/Projects/sccn/AndroidManifest.xml
19:26:50.186 [pool-1-thread-2] INFO  o.a.AndroidAnnotationProcessor:171 - AndroidManifest.xml found: AndroidManifest [applicationPackage=co.nerdev.android.sccn, componentQualifiedNames=[co.nerdev.android.sccn.Display_, co.nerdev.android.sccn.RssFeed_, co.nerdev.android.sccn.RssDetail_], permissionQualifiedNames=[android.permission.INTERNET], applicationClassName=null, libraryProject=false, debugabble=false, minSdkVersion=14, maxSdkVersion=21, targetSdkVersion=19]
19:26:50.187 [pool-1-thread-2] INFO  o.a.r.ProjectRClassFinder:50 - Found project R class: co.nerdev.android.sccn.R
19:26:50.190 [pool-1-thread-2] INFO  o.a.r.AndroidRClassFinder:44 - Found Android class: android.R
19:26:50.204 [pool-1-thread-2] INFO  o.a.p.ModelValidator:42 - Validating elements
19:26:50.205 [pool-1-thread-2] DEBUG o.a.p.ModelValidator:62 - Validating with EActivityHandler: [co.nerdev.android.sccn.Display]
19:26:50.225 [pool-1-thread-2] DEBUG o.a.p.ModelValidator:62 - Validating with ViewByIdHandler: [btn1, btn2, btn3, btn4, btn5]
19:26:50.234 [pool-1-thread-2] INFO  o.a.p.ModelProcessor:69 - Processing root elements
19:26:50.234 [pool-1-thread-2] DEBUG o.a.p.ModelProcessor:160 - Processing root elements EActivityHandler: [co.nerdev.android.sccn.Display]
19:26:50.257 [pool-1-thread-2] INFO  o.a.p.ModelProcessor:77 - Processing enclosed elements
19:26:50.260 [pool-1-thread-2] INFO  o.a.AndroidAnnotationProcessor:250 - Number of files generated by AndroidAnnotations: 1
19:26:50.261 [pool-1-thread-2] INFO  o.a.g.ApiCodeGenerator:52 - Writting following API classes in project: []
19:26:50.262 [pool-1-thread-2] DEBUG o.a.g.SourceCodewriter:55 - Generating class: co.nerdev.android.sccn.Display_
19:26:50.276 [pool-1-thread-2] INFO  o.a.p.TimeStats:81 - Time measurements: [Whole Processing = 98 ms], [Process Annotations = 31 ms], [Validate Annotations = 25 ms], [Generate Sources = 16 ms], [Find R Classes = 13 ms], [Extract Manifest = 6 ms], [Extract Annotations = 2 ms], 
19:26:50.276 [pool-1-thread-2] INFO  o.a.AndroidAnnotationProcessor:122 - Finish processing
20:02:12.726 [pool-1-thread-2] INFO  o.a.AndroidAnnotationProcessor:84 - Initialize AndroidAnnotations 3.2 with options {}
20:02:12.780 [pool-1-thread-2] INFO  o.a.AndroidAnnotationProcessor:108 - Start processing for 3 annotations on 1 elements
20:02:12.785 [pool-1-thread-2] DEBUG o.a.h.AndroidManifestFinder:137 - AndroidManifest.xml file found in parent folder /home/tyler/Projects/sccn: /home/tyler/Projects/sccn/AndroidManifest.xml
20:02:12.790 [pool-1-thread-2] INFO  o.a.AndroidAnnotationProcessor:171 - AndroidManifest.xml found: AndroidManifest [applicationPackage=co.nerdev.android.sccn, componentQualifiedNames=[co.nerdev.android.sccn.Display_, co.nerdev.android.sccn.RssFeed_, co.nerdev.android.sccn.RssDetail_], permissionQualifiedNames=[android.permission.INTERNET], applicationClassName=null, libraryProject=false, debugabble=false, minSdkVersion=14, maxSdkVersion=21, targetSdkVersion=19]
20:02:12.791 [pool-1-thread-2] INFO  o.a.r.ProjectRClassFinder:50 - Found project R class: co.nerdev.android.sccn.R
20:02:12.796 [pool-1-thread-2] INFO  o.a.r.AndroidRClassFinder:44 - Found Android class: android.R
20:02:12.815 [pool-1-thread-2] INFO  o.a.p.ModelValidator:42 - Validating elements
20:02:12.816 [pool-1-thread-2] DEBUG o.a.p.ModelValidator:62 - Validating with EActivityHandler: [co.nerdev.android.sccn.Display]
20:02:12.822 [pool-1-thread-2] DEBUG o.a.p.ModelValidator:62 - Validating with ClickHandler: [clickButton1(), clickButton2(), clickButton3(), clickButton4(), clickButton5()]
20:02:12.829 [pool-1-thread-2] DEBUG o.a.p.ModelValidator:62 - Validating with ResHandler: [Link1, Link2, Link3, Link4, Link5]
20:02:12.840 [pool-1-thread-2] INFO  o.a.p.ModelProcessor:69 - Processing root elements
20:02:12.840 [pool-1-thread-2] DEBUG o.a.p.ModelProcessor:160 - Processing root elements EActivityHandler: [co.nerdev.android.sccn.Display]
20:02:12.872 [pool-1-thread-2] INFO  o.a.p.ModelProcessor:77 - Processing enclosed elements
20:02:12.875 [pool-1-thread-2] INFO  o.a.AndroidAnnotationProcessor:250 - Number of files generated by AndroidAnnotations: 1
20:02:12.876 [pool-1-thread-2] INFO  o.a.g.ApiCodeGenerator:52 - Writting following API classes in project: []
20:02:12.878 [pool-1-thread-2] DEBUG o.a.g.SourceCodewriter:55 - Generating class: co.nerdev.android.sccn.Display_
20:02:12.894 [pool-1-thread-2] INFO  o.a.p.TimeStats:81 - Time measurements: [Whole Processing = 114 ms], [Process Annotations = 44 ms], [Generate Sources = 19 ms], [Validate Annotations = 16 ms], [Find R Classes = 15 ms], [Extract Manifest = 6 ms], [Extract Annotations = 3 ms], 
20:02:12.894 [pool-1-thread-2] INFO  o.a.AndroidAnnotationProcessor:122 - Finish processing
20:03:35.983 [pool-1-thread-2] INFO  o.a.AndroidAnnotationProcessor:84 - Initialize AndroidAnnotations 3.2 with options {}
20:03:36.31 [pool-1-thread-2] INFO  o.a.AndroidAnnotationProcessor:108 - Start processing for 3 annotations on 1 elements
20:03:36.34 [pool-1-thread-2] DEBUG o.a.h.AndroidManifestFinder:137 - AndroidManifest.xml file found in parent folder /home/tyler/Projects/sccn: /home/tyler/Projects/sccn/AndroidManifest.xml
20:03:36.38 [pool-1-thread-2] INFO  o.a.AndroidAnnotationProcessor:171 - AndroidManifest.xml found: AndroidManifest [applicationPackage=co.nerdev.android.sccn, componentQualifiedNames=[co.nerdev.android.sccn.Display_, co.nerdev.android.sccn.RssFeed_, co.nerdev.android.sccn.RssDetail_], permissionQualifiedNames=[android.permission.INTERNET], applicationClassName=null, libraryProject=false, debugabble=false, minSdkVersion=14, maxSdkVersion=21, targetSdkVersion=19]
20:03:36.39 [pool-1-thread-2] INFO  o.a.r.ProjectRClassFinder:50 - Found project R class: co.nerdev.android.sccn.R
20:03:36.42 [pool-1-thread-2] INFO  o.a.r.AndroidRClassFinder:44 - Found Android class: android.R
20:03:36.59 [pool-1-thread-2] INFO  o.a.p.ModelValidator:42 - Validating elements
20:03:36.59 [pool-1-thread-2] DEBUG o.a.p.ModelValidator:62 - Validating with EActivityHandler: [co.nerdev.android.sccn.Display]
20:03:36.64 [pool-1-thread-2] DEBUG o.a.p.ModelValidator:62 - Validating with ClickHandler: [clickButton1(), clickButton2(), clickButton3(), clickButton4(), clickButton5()]
20:03:36.69 [pool-1-thread-2] DEBUG o.a.p.ModelValidator:62 - Validating with ResHandler: [Link1, Link2, Link3, Link4, Link5]
20:03:36.78 [pool-1-thread-2] INFO  o.a.p.ModelProcessor:69 - Processing root elements
20:03:36.78 [pool-1-thread-2] DEBUG o.a.p.ModelProcessor:160 - Processing root elements EActivityHandler: [co.nerdev.android.sccn.Display]
20:03:36.100 [pool-1-thread-2] INFO  o.a.p.ModelProcessor:77 - Processing enclosed elements
20:03:36.103 [pool-1-thread-2] INFO  o.a.AndroidAnnotationProcessor:250 - Number of files generated by AndroidAnnotations: 1
20:03:36.104 [pool-1-thread-2] INFO  o.a.g.ApiCodeGenerator:52 - Writting following API classes in project: []
20:03:36.105 [pool-1-thread-2] DEBUG o.a.g.SourceCodewriter:55 - Generating class: co.nerdev.android.sccn.Display_
20:03:36.122 [pool-1-thread-2] INFO  o.a.p.TimeStats:81 - Time measurements: [Whole Processing = 91 ms], [Process Annotations = 31 ms], [Generate Sources = 19 ms], [Find R Classes = 14 ms], [Validate Annotations = 13 ms], [Extract Manifest = 5 ms], [Extract Annotations = 2 ms], 
20:03:36.122 [pool-1-thread-2] INFO  o.a.AndroidAnnotationProcessor:122 - Finish processing
20:32:51.38 [pool-1-thread-2] INFO  o.a.AndroidAnnotationProcessor:84 - Initialize AndroidAnnotations 3.2 with options {}
20:32:51.85 [pool-1-thread-2] INFO  o.a.AndroidAnnotationProcessor:108 - Start processing for 7 annotations on 2 elements
20:32:51.89 [pool-1-thread-2] DEBUG o.a.h.AndroidManifestFinder:137 - AndroidManifest.xml file found in parent folder /home/tyler/Projects/sccn: /home/tyler/Projects/sccn/AndroidManifest.xml
20:32:51.92 [pool-1-thread-2] INFO  o.a.AndroidAnnotationProcessor:171 - AndroidManifest.xml found: AndroidManifest [applicationPackage=co.nerdev.android.sccn, componentQualifiedNames=[co.nerdev.android.sccn.Display_, co.nerdev.android.sccn.RssFeed_, co.nerdev.android.sccn.RssDetail_], permissionQualifiedNames=[android.permission.INTERNET], applicationClassName=null, libraryProject=false, debugabble=false, minSdkVersion=14, maxSdkVersion=21, targetSdkVersion=19]
20:32:51.92 [pool-1-thread-2] INFO  o.a.r.ProjectRClassFinder:50 - Found project R class: co.nerdev.android.sccn.R
20:32:51.95 [pool-1-thread-2] INFO  o.a.r.AndroidRClassFinder:44 - Found Android class: android.R
20:32:51.113 [pool-1-thread-2] INFO  o.a.p.ModelValidator:42 - Validating elements
20:32:51.113 [pool-1-thread-2] DEBUG o.a.p.ModelValidator:62 - Validating with EActivityHandler: [co.nerdev.android.sccn.RssFeed, co.nerdev.android.sccn.Display]
20:32:51.117 [pool-1-thread-2] DEBUG o.a.p.ModelValidator:62 - Validating with ViewByIdHandler: [items]
20:32:51.123 [pool-1-thread-2] DEBUG o.a.p.ModelValidator:62 - Validating with ClickHandler: [clickButton1(), clickButton2(), clickButton3(), clickButton4(), clickButton5()]
20:32:51.128 [pool-1-thread-2] DEBUG o.a.p.ModelValidator:62 - Validating with ResHandler: [Link1, Link2, Link3, Link4, Link5]
20:32:51.130 [pool-1-thread-2] DEBUG o.a.p.ModelValidator:62 - Validating with BeanHandler: [rssReader]
20:32:51.131 [pool-1-thread-2] ERROR o.a.h.AnnotationHelper:126 - @org.androidannotations.annotations.Bean can only be used on an element annotated with @org.androidannotations.annotations.EBean
20:32:51.132 [pool-1-thread-2] WARN  o.a.p.ModelValidator:69 - Element BeanHandler unvalidated by 
20:32:51.132 [pool-1-thread-2] DEBUG o.a.p.ModelValidator:62 - Validating with ExtraHandler: [link]
20:32:51.133 [pool-1-thread-2] DEBUG o.a.p.ModelValidator:62 - Validating with AfterViewsHandler: [updateList()]
20:32:51.142 [pool-1-thread-2] INFO  o.a.p.ModelProcessor:69 - Processing root elements
20:32:51.142 [pool-1-thread-2] DEBUG o.a.p.ModelProcessor:160 - Processing root elements EActivityHandler: [co.nerdev.android.sccn.RssFeed, co.nerdev.android.sccn.Display]
20:32:51.166 [pool-1-thread-2] INFO  o.a.p.ModelProcessor:77 - Processing enclosed elements
20:32:51.175 [pool-1-thread-2] INFO  o.a.AndroidAnnotationProcessor:250 - Number of files generated by AndroidAnnotations: 2
20:32:51.177 [pool-1-thread-2] INFO  o.a.g.ApiCodeGenerator:52 - Writting following API classes in project: []
20:32:51.177 [pool-1-thread-2] DEBUG o.a.g.SourceCodewriter:55 - Generating class: co.nerdev.android.sccn.Display_
20:32:51.190 [pool-1-thread-2] DEBUG o.a.g.SourceCodewriter:55 - Generating class: co.nerdev.android.sccn.RssFeed_
20:32:51.194 [pool-1-thread-2] INFO  o.a.p.TimeStats:81 - Time measurements: [Whole Processing = 109 ms], [Process Annotations = 41 ms], [Validate Annotations = 22 ms], [Generate Sources = 19 ms], [Find R Classes = 13 ms], [Extract Manifest = 4 ms], [Extract Annotations = 3 ms], 
20:32:51.194 [pool-1-thread-2] INFO  o.a.AndroidAnnotationProcessor:122 - Finish processing
20:34:57.955 [pool-1-thread-2] INFO  o.a.AndroidAnnotationProcessor:84 - Initialize AndroidAnnotations 3.2 with options {}
20:34:58.16 [pool-1-thread-2] INFO  o.a.AndroidAnnotationProcessor:108 - Start processing for 8 annotations on 3 elements
20:34:58.22 [pool-1-thread-2] DEBUG o.a.h.AndroidManifestFinder:137 - AndroidManifest.xml file found in parent folder /home/tyler/Projects/sccn: /home/tyler/Projects/sccn/AndroidManifest.xml
20:34:58.27 [pool-1-thread-2] INFO  o.a.AndroidAnnotationProcessor:171 - AndroidManifest.xml found: AndroidManifest [applicationPackage=co.nerdev.android.sccn, componentQualifiedNames=[co.nerdev.android.sccn.Display_, co.nerdev.android.sccn.RssFeed_, co.nerdev.android.sccn.RssDetail_], permissionQualifiedNames=[android.permission.INTERNET], applicationClassName=null, libraryProject=false, debugabble=false, minSdkVersion=14, maxSdkVersion=21, targetSdkVersion=19]
20:34:58.28 [pool-1-thread-2] INFO  o.a.r.ProjectRClassFinder:50 - Found project R class: co.nerdev.android.sccn.R
20:34:58.30 [pool-1-thread-2] INFO  o.a.r.AndroidRClassFinder:44 - Found Android class: android.R
20:34:58.52 [pool-1-thread-2] INFO  o.a.p.ModelValidator:42 - Validating elements
20:34:58.53 [pool-1-thread-2] DEBUG o.a.p.ModelValidator:62 - Validating with EActivityHandler: [co.nerdev.android.sccn.RssFeed, co.nerdev.android.sccn.Display]
20:34:58.58 [pool-1-thread-2] DEBUG o.a.p.ModelValidator:62 - Validating with EBeanHandler: [co.nerdev.android.sccn.util.RssReader]
20:34:58.59 [pool-1-thread-2] ERROR o.a.h.AnnotationHelper:126 - @org.androidannotations.annotations.EBean annotated element should have a constructor with one parameter max, of type android.content.Context
20:34:58.59 [pool-1-thread-2] WARN  o.a.p.ModelValidator:69 - Element EBeanHandler unvalidated by 
20:34:58.60 [pool-1-thread-2] DEBUG o.a.p.ModelValidator:62 - Validating with ViewByIdHandler: [items]
20:34:58.65 [pool-1-thread-2] DEBUG o.a.p.ModelValidator:62 - Validating with ClickHandler: [clickButton1(), clickButton2(), clickButton3(), clickButton4(), clickButton5()]
20:34:58.71 [pool-1-thread-2] DEBUG o.a.p.ModelValidator:62 - Validating with ResHandler: [Link1, Link2, Link3, Link4, Link5]
20:34:58.72 [pool-1-thread-2] DEBUG o.a.p.ModelValidator:62 - Validating with BeanHandler: [rssReader]
20:34:58.73 [pool-1-thread-2] DEBUG o.a.p.ModelValidator:62 - Validating with ExtraHandler: [link]
20:34:58.74 [pool-1-thread-2] DEBUG o.a.p.ModelValidator:62 - Validating with AfterViewsHandler: [updateList()]
20:34:58.81 [pool-1-thread-2] INFO  o.a.p.ModelProcessor:69 - Processing root elements
20:34:58.81 [pool-1-thread-2] DEBUG o.a.p.ModelProcessor:160 - Processing root elements EActivityHandler: [co.nerdev.android.sccn.RssFeed, co.nerdev.android.sccn.Display]
20:34:58.106 [pool-1-thread-2] INFO  o.a.p.ModelProcessor:77 - Processing enclosed elements
20:34:58.114 [pool-1-thread-2] INFO  o.a.AndroidAnnotationProcessor:250 - Number of files generated by AndroidAnnotations: 2
20:34:58.115 [pool-1-thread-2] INFO  o.a.g.ApiCodeGenerator:52 - Writting following API classes in project: []
20:34:58.116 [pool-1-thread-2] DEBUG o.a.g.SourceCodewriter:55 - Generating class: co.nerdev.android.sccn.Display_
20:34:58.130 [pool-1-thread-2] DEBUG o.a.g.SourceCodewriter:55 - Generating class: co.nerdev.android.sccn.RssFeed_
20:34:58.133 [pool-1-thread-2] INFO  o.a.p.TimeStats:81 - Time measurements: [Whole Processing = 117 ms], [Process Annotations = 39 ms], [Validate Annotations = 23 ms], [Generate Sources = 19 ms], [Find R Classes = 15 ms], [Extract Manifest = 6 ms], [Extract Annotations = 3 ms], 
20:34:58.133 [pool-1-thread-2] INFO  o.a.AndroidAnnotationProcessor:122 - Finish processing
20:35:32.772 [pool-1-thread-2] INFO  o.a.AndroidAnnotationProcessor:84 - Initialize AndroidAnnotations 3.2 with options {}
20:35:32.846 [pool-1-thread-2] INFO  o.a.AndroidAnnotationProcessor:108 - Start processing for 8 annotations on 3 elements
20:35:32.853 [pool-1-thread-2] DEBUG o.a.h.AndroidManifestFinder:137 - AndroidManifest.xml file found in parent folder /home/tyler/Projects/sccn: /home/tyler/Projects/sccn/AndroidManifest.xml
20:35:32.858 [pool-1-thread-2] INFO  o.a.AndroidAnnotationProcessor:171 - AndroidManifest.xml found: AndroidManifest [applicationPackage=co.nerdev.android.sccn, componentQualifiedNames=[co.nerdev.android.sccn.Display_, co.nerdev.android.sccn.RssFeed_, co.nerdev.android.sccn.RssDetail_], permissionQualifiedNames=[android.permission.INTERNET], applicationClassName=null, libraryProject=false, debugabble=false, minSdkVersion=14, maxSdkVersion=21, targetSdkVersion=19]
20:35:32.858 [pool-1-thread-2] INFO  o.a.r.ProjectRClassFinder:50 - Found project R class: co.nerdev.android.sccn.R
20:35:32.863 [pool-1-thread-2] INFO  o.a.r.AndroidRClassFinder:44 - Found Android class: android.R
20:35:32.884 [pool-1-thread-2] INFO  o.a.p.ModelValidator:42 - Validating elements
20:35:32.884 [pool-1-thread-2] DEBUG o.a.p.ModelValidator:62 - Validating with EActivityHandler: [co.nerdev.android.sccn.RssFeed, co.nerdev.android.sccn.Display]
20:35:32.890 [pool-1-thread-2] DEBUG o.a.p.ModelValidator:62 - Validating with EBeanHandler: [co.nerdev.android.sccn.util.RssReader]
20:35:32.890 [pool-1-thread-2] ERROR o.a.h.AnnotationHelper:126 - @org.androidannotations.annotations.EBean annotated element should have a constructor with one parameter max, of type android.content.Context
20:35:32.891 [pool-1-thread-2] WARN  o.a.p.ModelValidator:69 - Element EBeanHandler unvalidated by 
20:35:32.891 [pool-1-thread-2] DEBUG o.a.p.ModelValidator:62 - Validating with ViewByIdHandler: [items]
20:35:32.896 [pool-1-thread-2] DEBUG o.a.p.ModelValidator:62 - Validating with ClickHandler: [clickButton1(), clickButton2(), clickButton3(), clickButton4(), clickButton5()]
20:35:32.904 [pool-1-thread-2] DEBUG o.a.p.ModelValidator:62 - Validating with ResHandler: [Link1, Link2, Link3, Link4, Link5]
20:35:32.906 [pool-1-thread-2] DEBUG o.a.p.ModelValidator:62 - Validating with BeanHandler: [rssReader, rssReader]
20:35:32.910 [pool-1-thread-2] DEBUG o.a.p.ModelValidator:62 - Validating with ExtraHandler: [link]
20:35:32.910 [pool-1-thread-2] DEBUG o.a.p.ModelValidator:62 - Validating with AfterViewsHandler: [updateList()]
20:35:32.920 [pool-1-thread-2] INFO  o.a.p.ModelProcessor:69 - Processing root elements
20:35:32.920 [pool-1-thread-2] DEBUG o.a.p.ModelProcessor:160 - Processing root elements EActivityHandler: [co.nerdev.android.sccn.Display, co.nerdev.android.sccn.RssFeed]
20:35:32.958 [pool-1-thread-2] INFO  o.a.p.ModelProcessor:77 - Processing enclosed elements
20:35:33.84 [pool-1-thread-2] ERROR o.a.AndroidAnnotationProcessor:268 - Something went wrong: Unexpected error in AndroidAnnotations 3.2!
You should check if there is already an issue about it on https://github.com/excilys/androidannotations/search?q=java.lang.NullPointerException&type=Issues
If none exists, please open a new one with the following content and tell us if you can reproduce it or not. Don't forget to give us as much information as you can (like parts of your code in failure).
Java version: javac 1.8.0_25
Javac processors options: 
Stacktrace: java.lang.NullPointerException
	at org.androidannotations.handler.BeanHandler.process(BeanHandler.java:61)
	at org.androidannotations.handler.BeanHandler.process(BeanHandler.java:38)
	at org.androidannotations.process.ModelProcessor.processThrowing(ModelProcessor.java:136)
	at org.androidannotations.process.ModelProcessor.process(ModelProcessor.java:120)
	at org.androidannotations.AndroidAnnotationProcessor.processAnnotations(AndroidAnnotationProcessor.java:243)
	at org.androidannotations.AndroidAnnotationProcessor.processThrowing(AndroidAnnotationProcessor.java:185)
	at org.androidannotations.AndroidAnnotationProcessor.process(AndroidAnnotationProcessor.java:113)
	at com.sun.tools.javac.processing.JavacProcessingEnvironment.callProcessor(JavacProcessingEnvironment.java:794)
	at com.sun.tools.javac.processing.JavacProcessingEnvironment.discoverAndRunProcs(JavacProcessingEnvironment.java:705)
	at com.sun.tools.javac.processing.JavacProcessingEnvironment.access$1800(JavacProcessingEnvironment.java:91)
	at com.sun.tools.javac.processing.JavacProcessingEnvironment$Round.run(JavacProcessingEnvironment.java:1035)
	at com.sun.tools.javac.processing.JavacProcessingEnvironment.doProcessing(JavacProcessingEnvironment.java:1176)
	at com.sun.tools.javac.main.JavaCompiler.processAnnotations(JavaCompiler.java:1170)
	at com.sun.tools.javac.main.JavaCompiler.compile(JavaCompiler.java:856)
	at com.sun.tools.javac.main.Main.compile(Main.java:523)
	at com.sun.tools.javac.api.JavacTaskImpl.doCall(JavacTaskImpl.java:129)
	at com.sun.tools.javac.api.JavacTaskImpl.call(JavacTaskImpl.java:138)
	at org.jetbrains.jps.javac.JavacMain.compile(JavacMain.java:165)
	at org.jetbrains.jps.incremental.java.JavaBuilder.compileJava(JavaBuilder.java:380)
	at org.jetbrains.jps.incremental.java.JavaBuilder.compile(JavaBuilder.java:298)
	at org.jetbrains.jps.incremental.java.JavaBuilder.doBuild(JavaBuilder.java:204)
	at org.jetbrains.jps.incremental.java.JavaBuilder.build(JavaBuilder.java:176)
	at org.jetbrains.jps.incremental.IncProjectBuilder.runModuleLevelBuilders(IncProjectBuilder.java:1140)
	at org.jetbrains.jps.incremental.IncProjectBuilder.runBuildersForChunk(IncProjectBuilder.java:826)
	at org.jetbrains.jps.incremental.IncProjectBuilder.buildTargetsChunk(IncProjectBuilder.java:894)
	at org.jetbrains.jps.incremental.IncProjectBuilder.buildChunkIfAffected(IncProjectBuilder.java:789)
	at org.jetbrains.jps.incremental.IncProjectBuilder.buildChunks(IncProjectBuilder.java:612)
	at org.jetbrains.jps.incremental.IncProjectBuilder.runBuild(IncProjectBuilder.java:352)
	at org.jetbrains.jps.incremental.IncProjectBuilder.build(IncProjectBuilder.java:191)
	at org.jetbrains.jps.cmdline.BuildRunner.runBuild(BuildRunner.java:131)
	at org.jetbrains.jps.cmdline.BuildSession.runBuild(BuildSession.java:229)
	at org.jetbrains.jps.cmdline.BuildSession.run(BuildSession.java:113)
	at org.jetbrains.jps.cmdline.BuildMain$MyMessageHandler$1.run(BuildMain.java:158)
	at org.jetbrains.jps.service.impl.SharedThreadPoolImpl$1.run(SharedThreadPoolImpl.java:41)
	at java.util.concurrent.Executors$RunnableAdapter.call(Executors.java:511)
	at java.util.concurrent.FutureTask.run(FutureTask.java:266)
	at java.util.concurrent.ThreadPoolExecutor.runWorker(ThreadPoolExecutor.java:1142)
	at java.util.concurrent.ThreadPoolExecutor$Worker.run(ThreadPoolExecutor.java:617)
	at java.lang.Thread.run(Thread.java:745)
Thrown from: co.nerdev.android.sccn.util.RssReader
Element (VarSymbol): @org.androidannotations.annotations.Bean
co.nerdev.android.sccn.util.RssReader rssReader;


20:35:33.84 [pool-1-thread-2] INFO  o.a.p.TimeStats:81 - Time measurements: [Whole Processing = 238 ms], [Validate Annotations = 28 ms], [Find R Classes = 17 ms], [Extract Manifest = 6 ms], [Extract Annotations = 4 ms], 
20:35:33.84 [pool-1-thread-2] INFO  o.a.AndroidAnnotationProcessor:122 - Finish processing
20:36:02.125 [pool-1-thread-2] INFO  o.a.AndroidAnnotationProcessor:84 - Initialize AndroidAnnotations 3.2 with options {}
20:36:02.198 [pool-1-thread-2] INFO  o.a.AndroidAnnotationProcessor:108 - Start processing for 8 annotations on 3 elements
20:36:02.202 [pool-1-thread-2] DEBUG o.a.h.AndroidManifestFinder:137 - AndroidManifest.xml file found in parent folder /home/tyler/Projects/sccn: /home/tyler/Projects/sccn/AndroidManifest.xml
20:36:02.205 [pool-1-thread-2] INFO  o.a.AndroidAnnotationProcessor:171 - AndroidManifest.xml found: AndroidManifest [applicationPackage=co.nerdev.android.sccn, componentQualifiedNames=[co.nerdev.android.sccn.Display_, co.nerdev.android.sccn.RssFeed_, co.nerdev.android.sccn.RssDetail_], permissionQualifiedNames=[android.permission.INTERNET], applicationClassName=null, libraryProject=false, debugabble=false, minSdkVersion=14, maxSdkVersion=21, targetSdkVersion=19]
20:36:02.206 [pool-1-thread-2] INFO  o.a.r.ProjectRClassFinder:50 - Found project R class: co.nerdev.android.sccn.R
20:36:02.209 [pool-1-thread-2] INFO  o.a.r.AndroidRClassFinder:44 - Found Android class: android.R
20:36:02.227 [pool-1-thread-2] INFO  o.a.p.ModelValidator:42 - Validating elements
20:36:02.227 [pool-1-thread-2] DEBUG o.a.p.ModelValidator:62 - Validating with EActivityHandler: [co.nerdev.android.sccn.RssFeed, co.nerdev.android.sccn.Display]
20:36:02.231 [pool-1-thread-2] DEBUG o.a.p.ModelValidator:62 - Validating with EBeanHandler: [co.nerdev.android.sccn.util.RssReader]
20:36:02.231 [pool-1-thread-2] ERROR o.a.h.AnnotationHelper:126 - @org.androidannotations.annotations.EBean annotated element should have a constructor with one parameter max, of type android.content.Context
20:36:02.232 [pool-1-thread-2] WARN  o.a.p.ModelValidator:69 - Element EBeanHandler unvalidated by 
20:36:02.232 [pool-1-thread-2] DEBUG o.a.p.ModelValidator:62 - Validating with ViewByIdHandler: [items]
20:36:02.235 [pool-1-thread-2] DEBUG o.a.p.ModelValidator:62 - Validating with ClickHandler: [clickButton1(), clickButton2(), clickButton3(), clickButton4(), clickButton5()]
20:36:02.242 [pool-1-thread-2] DEBUG o.a.p.ModelValidator:62 - Validating with ResHandler: [Link1, Link2, Link3, Link4, Link5]
20:36:02.244 [pool-1-thread-2] DEBUG o.a.p.ModelValidator:62 - Validating with BeanHandler: [rssReader, rssReader]
20:36:02.247 [pool-1-thread-2] DEBUG o.a.p.ModelValidator:62 - Validating with ExtraHandler: [link]
20:36:02.248 [pool-1-thread-2] DEBUG o.a.p.ModelValidator:62 - Validating with AfterViewsHandler: [updateList()]
20:36:02.257 [pool-1-thread-2] INFO  o.a.p.ModelProcessor:69 - Processing root elements
20:36:02.257 [pool-1-thread-2] DEBUG o.a.p.ModelProcessor:160 - Processing root elements EActivityHandler: [co.nerdev.android.sccn.RssFeed, co.nerdev.android.sccn.Display]
20:36:02.290 [pool-1-thread-2] INFO  o.a.p.ModelProcessor:77 - Processing enclosed elements
20:36:02.429 [pool-1-thread-2] ERROR o.a.AndroidAnnotationProcessor:268 - Something went wrong: Unexpected error in AndroidAnnotations 3.2!
You should check if there is already an issue about it on https://github.com/excilys/androidannotations/search?q=java.lang.NullPointerException&type=Issues
If none exists, please open a new one with the following content and tell us if you can reproduce it or not. Don't forget to give us as much information as you can (like parts of your code in failure).
Java version: javac 1.8.0_25
Javac processors options: 
Stacktrace: java.lang.NullPointerException
	at org.androidannotations.handler.BeanHandler.process(BeanHandler.java:61)
	at org.androidannotations.handler.BeanHandler.process(BeanHandler.java:38)
	at org.androidannotations.process.ModelProcessor.processThrowing(ModelProcessor.java:136)
	at org.androidannotations.process.ModelProcessor.process(ModelProcessor.java:120)
	at org.androidannotations.AndroidAnnotationProcessor.processAnnotations(AndroidAnnotationProcessor.java:243)
	at org.androidannotations.AndroidAnnotationProcessor.processThrowing(AndroidAnnotationProcessor.java:185)
	at org.androidannotations.AndroidAnnotationProcessor.process(AndroidAnnotationProcessor.java:113)
	at com.sun.tools.javac.processing.JavacProcessingEnvironment.callProcessor(JavacProcessingEnvironment.java:794)
	at com.sun.tools.javac.processing.JavacProcessingEnvironment.discoverAndRunProcs(JavacProcessingEnvironment.java:705)
	at com.sun.tools.javac.processing.JavacProcessingEnvironment.access$1800(JavacProcessingEnvironment.java:91)
	at com.sun.tools.javac.processing.JavacProcessingEnvironment$Round.run(JavacProcessingEnvironment.java:1035)
	at com.sun.tools.javac.processing.JavacProcessingEnvironment.doProcessing(JavacProcessingEnvironment.java:1176)
	at com.sun.tools.javac.main.JavaCompiler.processAnnotations(JavaCompiler.java:1170)
	at com.sun.tools.javac.main.JavaCompiler.compile(JavaCompiler.java:856)
	at com.sun.tools.javac.main.Main.compile(Main.java:523)
	at com.sun.tools.javac.api.JavacTaskImpl.doCall(JavacTaskImpl.java:129)
	at com.sun.tools.javac.api.JavacTaskImpl.call(JavacTaskImpl.java:138)
	at org.jetbrains.jps.javac.JavacMain.compile(JavacMain.java:165)
	at org.jetbrains.jps.incremental.java.JavaBuilder.compileJava(JavaBuilder.java:380)
	at org.jetbrains.jps.incremental.java.JavaBuilder.compile(JavaBuilder.java:298)
	at org.jetbrains.jps.incremental.java.JavaBuilder.doBuild(JavaBuilder.java:204)
	at org.jetbrains.jps.incremental.java.JavaBuilder.build(JavaBuilder.java:176)
	at org.jetbrains.jps.incremental.IncProjectBuilder.runModuleLevelBuilders(IncProjectBuilder.java:1140)
	at org.jetbrains.jps.incremental.IncProjectBuilder.runBuildersForChunk(IncProjectBuilder.java:826)
	at org.jetbrains.jps.incremental.IncProjectBuilder.buildTargetsChunk(IncProjectBuilder.java:894)
	at org.jetbrains.jps.incremental.IncProjectBuilder.buildChunkIfAffected(IncProjectBuilder.java:789)
	at org.jetbrains.jps.incremental.IncProjectBuilder.buildChunks(IncProjectBuilder.java:612)
	at org.jetbrains.jps.incremental.IncProjectBuilder.runBuild(IncProjectBuilder.java:352)
	at org.jetbrains.jps.incremental.IncProjectBuilder.build(IncProjectBuilder.java:191)
	at org.jetbrains.jps.cmdline.BuildRunner.runBuild(BuildRunner.java:131)
	at org.jetbrains.jps.cmdline.BuildSession.runBuild(BuildSession.java:229)
	at org.jetbrains.jps.cmdline.BuildSession.run(BuildSession.java:113)
	at org.jetbrains.jps.cmdline.BuildMain$MyMessageHandler$1.run(BuildMain.java:158)
	at org.jetbrains.jps.service.impl.SharedThreadPoolImpl$1.run(SharedThreadPoolImpl.java:41)
	at java.util.concurrent.Executors$RunnableAdapter.call(Executors.java:511)
	at java.util.concurrent.FutureTask.run(FutureTask.java:266)
	at java.util.concurrent.ThreadPoolExecutor.runWorker(ThreadPoolExecutor.java:1142)
	at java.util.concurrent.ThreadPoolExecutor$Worker.run(ThreadPoolExecutor.java:617)
	at java.lang.Thread.run(Thread.java:745)
Thrown from: co.nerdev.android.sccn.util.RssReader
Element (VarSymbol): @org.androidannotations.annotations.Bean
co.nerdev.android.sccn.util.RssReader rssReader;


20:36:02.430 [pool-1-thread-2] INFO  o.a.p.TimeStats:81 - Time measurements: [Whole Processing = 233 ms], [Validate Annotations = 22 ms], [Find R Classes = 13 ms], [Extract Manifest = 4 ms], [Extract Annotations = 3 ms], 
20:36:02.430 [pool-1-thread-2] INFO  o.a.AndroidAnnotationProcessor:122 - Finish processing
